▲ Next.js 16.1.6
- Local:         http://localhost:3001
- Network:       http://192.168.1.191:3001

✓ Starting...
▲ Next.js 16.1.6
- Local:         http://localhost:3001
- Network:       http://192.168.1.191:3001

✓ Starting...
▲ Next.js 16.1.6
- Local:         http://localhost:3001
- Network:       http://192.168.1.191:3001

✓ Starting...
▲ Next.js 16.1.6
- Local:         http://localhost:3001
- Network:       http://192.168.1.191:3001

✓ Starting...
▲ Next.js 16.1.6
- Local:         http://localhost:3001
- Network:       http://192.168.1.191:3001

✓ Starting...
▲ Next.js 16.1.6
- Local:         http://localhost:3001
- Network:       http://192.168.1.191:3001

✓ Starting...
▲ Next.js 16.1.6
- Local:         http://localhost:3001
- Network:       http://192.168.1.191:3001

✓ Starting...
▲ Next.js 16.1.6
- Local:         http://localhost:3001
- Network:       http://192.168.1.191:3001

✓ Starting...
▲ Next.js 16.1.6
- Local:         http://localhost:3001
- Network:       http://192.168.1.191:3001

✓ Starting...
▲ Next.js 16.1.6
- Local:         http://localhost:3001
- Network:       http://192.168.1.191:3001

✓ Starting...
▲ Next.js 16.1.6
- Local:         http://localhost:3000
- Network:       http://192.168.1.191:3000

✓ Starting...
✓ Ready in 1041ms
▲ Next.js 16.1.6
- Local:         http://localhost:3000
- Network:       http://192.168.1.191:3000

✓ Starting...
✓ Ready in 596ms
▲ Next.js 16.1.6
- Local:         http://localhost:3000
- Network:       http://192.168.1.191:3000

✓ Starting...
✓ Ready in 593ms
▲ Next.js 16.1.6
- Local:         http://localhost:3000
- Network:       http://192.168.1.191:3000

✓ Starting...
✓ Ready in 610ms
▲ Next.js 16.1.6
- Local:         http://localhost:3000
- Network:       http://192.168.1.191:3000

✓ Starting...
✓ Ready in 636ms
▲ Next.js 16.1.6
- Local:         http://localhost:3000
- Network:       http://192.168.1.191:3000

✓ Starting...
✓ Ready in 627ms
▲ Next.js 16.1.6
- Local:         http://localhost:3000
- Network:       http://192.168.1.191:3000

✓ Starting...
✓ Ready in 1645ms
▲ Next.js 16.1.6
- Local:         http://localhost:3000
- Network:       http://192.168.1.191:3000

✓ Starting...
✓ Ready in 2.3s
▲ Next.js 16.1.6
- Local:         http://localhost:3000
- Network:       http://192.168.1.191:3000

✓ Starting...
✓ Ready in 1048ms
▲ Next.js 16.1.6
- Local:         http://localhost:3000
- Network:       http://192.168.1.191:3000

✓ Starting...
✓ Ready in 971ms
▲ Next.js 16.1.6
- Local:         http://localhost:3000
- Network:       http://192.168.1.191:3000

✓ Starting...
✓ Ready in 961ms
▲ Next.js 16.1.6
- Local:         http://localhost:3000
- Network:       http://192.168.1.191:3000

✓ Starting...
✓ Ready in 818ms
▲ Next.js 16.1.6
- Local:         http://localhost:3000
- Network:       http://192.168.1.191:3000

✓ Starting...
✓ Ready in 596ms
▲ Next.js 16.1.6
- Local:         http://localhost:3000
- Network:       http://192.168.1.191:3000

✓ Starting...
✓ Ready in 595ms
▲ Next.js 16.1.6
- Local:         http://localhost:3000
- Network:       http://192.168.1.191:3000

✓ Starting...
✓ Ready in 624ms
▲ Next.js 16.1.6
- Local:         http://localhost:3000
- Network:       http://192.168.1.191:3000

✓ Starting...
✓ Ready in 616ms
▲ Next.js 16.1.6
- Local:         http://localhost:3000
- Network:       http://192.168.1.191:3000

✓ Starting...
✓ Ready in 584ms
▲ Next.js 16.1.6
- Local:         http://localhost:3000
- Network:       http://192.168.1.191:3000

✓ Starting...
✓ Ready in 580ms
▲ Next.js 16.1.6
- Local:         http://localhost:3000
- Network:       http://192.168.1.191:3000

✓ Starting...
✓ Ready in 583ms
▲ Next.js 16.1.6
- Local:         http://localhost:3000
- Network:       http://192.168.1.191:3000

✓ Starting...
✓ Ready in 586ms
▲ Next.js 16.1.6
- Local:         http://localhost:3000
- Network:       http://192.168.1.191:3000

✓ Starting...
✓ Ready in 628ms
▲ Next.js 16.1.6
- Local:         http://localhost:3000
- Network:       http://192.168.1.191:3000

✓ Starting...
✓ Ready in 627ms
▲ Next.js 16.1.6
- Local:         http://localhost:3000
- Network:       http://192.168.1.191:3000

✓ Starting...
✓ Ready in 596ms
▲ Next.js 16.1.6
- Local:         http://localhost:3000
- Network:       http://192.168.1.191:3000

✓ Starting...
✓ Ready in 619ms
▲ Next.js 16.1.6
- Local:         http://localhost:3000
- Network:       http://192.168.1.191:3000

✓ Starting...
✓ Ready in 786ms
▲ Next.js 16.1.6
- Local:         http://localhost:3000
- Network:       http://192.168.1.191:3000

✓ Starting...
✓ Ready in 593ms
▲ Next.js 16.1.6
- Local:         http://localhost:3000
- Network:       http://192.168.1.191:3000

✓ Starting...
✓ Ready in 847ms
▲ Next.js 16.1.6
- Local:         http://localhost:3000
- Network:       http://192.168.1.191:3000

✓ Starting...
✓ Ready in 603ms
▲ Next.js 16.1.6
- Local:         http://localhost:3000
- Network:       http://192.168.1.191:3000

✓ Starting...
✓ Ready in 616ms
▲ Next.js 16.1.6
- Local:         http://localhost:3000
- Network:       http://192.168.1.191:3000

✓ Starting...
✓ Ready in 611ms
▲ Next.js 16.1.6
- Local:         http://localhost:3000
- Network:       http://192.168.1.191:3000

✓ Starting...
✓ Ready in 623ms
▲ Next.js 16.1.6
- Local:         http://localhost:3000
- Network:       http://192.168.1.191:3000

✓ Starting...
✓ Ready in 607ms
▲ Next.js 16.1.6
- Local:         http://localhost:3000
- Network:       http://192.168.1.191:3000

✓ Starting...
✓ Ready in 636ms
▲ Next.js 16.1.6
- Local:         http://localhost:3000
- Network:       http://192.168.1.191:3000

✓ Starting...
✓ Ready in 633ms
▲ Next.js 16.1.6
- Local:         http://localhost:3000
- Network:       http://192.168.1.191:3000

✓ Starting...
✓ Ready in 612ms
▲ Next.js 16.1.6
- Local:         http://localhost:3000
- Network:       http://192.168.1.191:3000

✓ Starting...
✓ Ready in 640ms
▲ Next.js 16.1.6
- Local:         http://localhost:3000
- Network:       http://192.168.1.191:3000

✓ Starting...
✓ Ready in 639ms
▲ Next.js 16.1.6
- Local:         http://localhost:3000
- Network:       http://192.168.1.191:3000

✓ Starting...
✓ Ready in 677ms
▲ Next.js 16.1.6
- Local:         http://localhost:3000
- Network:       http://192.168.1.191:3000

✓ Starting...
✓ Ready in 593ms
▲ Next.js 16.1.6
- Local:         http://localhost:3000
- Network:       http://192.168.1.191:3000

✓ Starting...
✓ Ready in 615ms
▲ Next.js 16.1.6
- Local:         http://localhost:3000
- Network:       http://192.168.1.191:3000

✓ Starting...
✓ Ready in 590ms
▲ Next.js 16.1.6
- Local:         http://localhost:3000
- Network:       http://192.168.1.191:3000

✓ Starting...
✓ Ready in 587ms
▲ Next.js 16.1.6
- Local:         http://localhost:3000
- Network:       http://192.168.1.191:3000

✓ Starting...
✓ Ready in 600ms
▲ Next.js 16.1.6
- Local:         http://localhost:3000
- Network:       http://192.168.1.191:3000

✓ Starting...
✓ Ready in 660ms
▲ Next.js 16.1.6
- Local:         http://localhost:3000
- Network:       http://192.168.1.191:3000

✓ Starting...
✓ Ready in 596ms
▲ Next.js 16.1.6
- Local:         http://localhost:3000
- Network:       http://192.168.1.191:3000

✓ Starting...
✓ Ready in 602ms
▲ Next.js 16.1.6
- Local:         http://localhost:3000
- Network:       http://192.168.1.191:3000

✓ Starting...
✓ Ready in 602ms
▲ Next.js 16.1.6
- Local:         http://localhost:3000
- Network:       http://192.168.1.191:3000

✓ Starting...
✓ Ready in 603ms
▲ Next.js 16.1.6
- Local:         http://localhost:3000
- Network:       http://192.168.1.191:3000

✓ Starting...
✓ Ready in 625ms
▲ Next.js 16.1.6
- Local:         http://localhost:3000
- Network:       http://192.168.1.191:3000

✓ Starting...
✓ Ready in 599ms
▲ Next.js 16.1.6
- Local:         http://localhost:3000
- Network:       http://192.168.1.191:3000

✓ Starting...
✓ Ready in 596ms
▲ Next.js 16.1.6
- Local:         http://localhost:3000
- Network:       http://192.168.1.191:3000

✓ Starting...
✓ Ready in 611ms
▲ Next.js 16.1.6
- Local:         http://localhost:3000
- Network:       http://192.168.1.191:3000

✓ Starting...
✓ Ready in 621ms
▲ Next.js 16.1.6
- Local:         http://localhost:3000
- Network:       http://192.168.1.191:3000

✓ Starting...
✓ Ready in 603ms
▲ Next.js 16.1.6
- Local:         http://localhost:3000
- Network:       http://192.168.1.191:3000

✓ Starting...
✓ Ready in 602ms
▲ Next.js 16.1.6
- Local:         http://localhost:3000
- Network:       http://192.168.1.191:3000

✓ Starting...
✓ Ready in 617ms
▲ Next.js 16.1.6
- Local:         http://localhost:3000
- Network:       http://192.168.1.191:3000

✓ Starting...
✓ Ready in 605ms
▲ Next.js 16.1.6
- Local:         http://localhost:3000
- Network:       http://192.168.1.191:3000

✓ Starting...
✓ Ready in 614ms
▲ Next.js 16.1.6
- Local:         http://localhost:3000
- Network:       http://192.168.1.191:3000

✓ Starting...
✓ Ready in 610ms
▲ Next.js 16.1.6
- Local:         http://localhost:3000
- Network:       http://192.168.1.191:3000

✓ Starting...
✓ Ready in 613ms
▲ Next.js 16.1.6
- Local:         http://localhost:3000
- Network:       http://192.168.1.191:3000

✓ Starting...
✓ Ready in 613ms
▲ Next.js 16.1.6
- Local:         http://localhost:3000
- Network:       http://192.168.1.191:3000

✓ Starting...
✓ Ready in 613ms
▲ Next.js 16.1.6
- Local:         http://localhost:3000
- Network:       http://192.168.1.191:3000

✓ Starting...
✓ Ready in 626ms
